<?xml version="1.0" encoding="utf-8"?><testsuites name="pytest tests"><testsuite name="pytest" errors="0" failures="0" skipped="0" tests="7" time="1.124" timestamp="2026-05-16T22:40:21.159571+00:00" hostname="agent-env-80b44060-6a48-4996-8a16-63a202c2233d"><testcase classname="backend.tests.test_api.TestHealth" name="test_health" time="0.195" /><testcase classname="backend.tests.test_api.TestOfferte" name="test_submit_valid" time="0.174" /><testcase classname="backend.tests.test_api.TestOfferte" name="test_submit_missing_fields" time="0.147" /><testcase classname="backend.tests.test_api.TestOfferte" name="test_submit_short_naam" time="0.148" /><testcase classname="backend.tests.test_api.TestContact" name="test_submit_valid" time="0.142" /><testcase classname="backend.tests.test_api.TestContact" name="test_submit_missing_fields" time="0.136" /><testcase classname="backend.tests.test_api.TestContact" name="test_honeypot_ignored" time="0.116" /></testsuite></testsuites>